{
  "RSpec": {
    "coverage": {
      "/Users/nweiland/Dropbox/Turing/projects/git_responsive/spec/features/user_logs_in_spec.rb": [
        1,
        null,
        1,
        1,
        1,
        1,
        1,
        1,
        1,
        1,
        null,
        null,
        null
      ],
      "/Users/nweiland/Dropbox/Turing/projects/git_responsive/spec/rails_helper.rb": [
        1,
        1,
        null,
        1,
        1,
        1,
        1,
        1,
        1,
        1,
        1,
        1,
        1,
        1,
        1,
        null,
        1,
        1,
        null,
        null,
        1,
        7,
        null,
        null,
        1,
        7,
        null,
        null,
        null,
        1,
        1,
        1,
        null
      ],
      "/Users/nweiland/Dropbox/Turing/projects/git_responsive/config/environment.rb": [
        null,
        1,
        null,
        null,
        1
      ],
      "/Users/nweiland/Dropbox/Turing/projects/git_responsive/config/application.rb": [
        1,
        null,
        1,
        null,
        null,
        null,
        1,
        null,
        1,
        1,
        null,
        null,
        null,
        null,
        null,
        null,
        null,
        null,
        null,
        null,
        null,
        null,
        null,
        1,
        null,
        null
      ],
      "/Users/nweiland/Dropbox/Turing/projects/git_responsive/config/boot.rb": [
        1,
        null,
        1
      ],
      "/Users/nweiland/Dropbox/Turing/projects/git_responsive/config/environments/test.rb": [
        1,
        null,
        null,
        null,
        null,
        null,
        null,
        1,
        null,
        null,
        null,
        null,
        1,
        null,
        null,
        1,
        1,
        null,
        null,
        1,
        1,
        null,
        null,
        1,
        null,
        null,
        1,
        null,
        null,
        null,
        null,
        1,
        null,
        null,
        1,
        null,
        null,
        1,
        null,
        null,
        null,
        null
      ],
      "/Users/nweiland/Dropbox/Turing/projects/git_responsive/config/initializers/assets.rb": [
        null,
        null,
        null,
        1,
        1,
        null,
        null,
        null,
        null,
        null,
        null,
        null
      ],
      "/Users/nweiland/Dropbox/Turing/projects/git_responsive/config/initializers/backtrace_silencers.rb": [
        null,
        null,
        null,
        null,
        null,
        null,
        null
      ],
      "/Users/nweiland/Dropbox/Turing/projects/git_responsive/config/initializers/cookies_serializer.rb": [
        null,
        null,
        1
      ],
      "/Users/nweiland/Dropbox/Turing/projects/git_responsive/config/initializers/filter_parameter_logging.rb": [
        null,
        null,
        null,
        1
      ],
      "/Users/nweiland/Dropbox/Turing/projects/git_responsive/config/initializers/inflections.rb": [
        null,
        null,
        null,
        null,
        null,
        null,
        null,
        null,
        null,
        null,
        null,
        null,
        null,
        null,
        null,
        null
      ],
      "/Users/nweiland/Dropbox/Turing/projects/git_responsive/config/initializers/mime_types.rb": [
        null,
        null,
        null,
        null
      ],
      "/Users/nweiland/Dropbox/Turing/projects/git_responsive/config/initializers/omniauth.rb": [
        1,
        1,
        null
      ],
      "/Users/nweiland/Dropbox/Turing/projects/git_responsive/config/initializers/session_store.rb": [
        null,
        null,
        1
      ],
      "/Users/nweiland/Dropbox/Turing/projects/git_responsive/config/initializers/wrap_parameters.rb": [
        null,
        null,
        null,
        null,
        null,
        null,
        1,
        1,
        null,
        null,
        null,
        null,
        null,
        null
      ],
      "/Users/nweiland/Dropbox/Turing/projects/git_responsive/config/routes.rb": [
        1,
        1,
        1,
        1,
        1,
        null,
        1,
        1,
        null,
        1,
        null
      ],
      "/Users/nweiland/Dropbox/Turing/projects/git_responsive/spec/features/user_refreshes_repo_spec.rb": [
        1,
        null,
        1,
        1,
        1,
        1,
        1,
        1,
        null,
        null,
        null,
        null
      ],
      "/Users/nweiland/Dropbox/Turing/projects/git_responsive/spec/models/apirepo_spec.rb": [
        1,
        null,
        1,
        1,
        1,
        1,
        1,
        1,
        1,
        1,
        1,
        null,
        null,
        null,
        null,
        1,
        1,
        1,
        1,
        1,
        1,
        1,
        1,
        null,
        null,
        null,
        null,
        1,
        1,
        1,
        1,
        1,
        1,
        1,
        1,
        null,
        null,
        null,
        null,
        1,
        1,
        1,
        1,
        1,
        1,
        1,
        1,
        null,
        null,
        null,
        null,
        1,
        1,
        1,
        1,
        1,
        1,
        1,
        1,
        1,
        1,
        1,
        null,
        null,
        null,
        null
      ],
      "/Users/nweiland/Dropbox/Turing/projects/git_responsive/app/models/api_repo.rb": [
        1,
        1,
        1,
        1,
        94,
        null,
        null,
        1,
        1,
        1,
        6,
        null,
        1,
        null,
        null,
        1,
        7,
        null,
        null,
        1,
        null,
        90,
        90,
        null,
        3,
        null,
        null,
        1,
        4,
        4,
        4,
        null,
        null,
        1,
        3,
        3,
        18,
        0,
        null,
        18,
        null,
        null,
        3,
        null,
        null,
        1,
        0,
        null,
        null
      ],
      "/Users/nweiland/Dropbox/Turing/projects/git_responsive/app/controllers/static_pages_controller.rb": [
        1,
        1,
        null,
        null
      ],
      "/Users/nweiland/Dropbox/Turing/projects/git_responsive/app/controllers/application_controller.rb": [
        1,
        1,
        1,
        null,
        1,
        1,
        16,
        null,
        null
      ],
      "/Users/nweiland/Dropbox/Turing/projects/git_responsive/app/controllers/sessions_controller.rb": [
        1,
        1,
        2,
        2,
        2,
        2,
        null,
        2,
        null,
        null,
        1,
        0,
        0,
        null,
        null
      ],
      "/Users/nweiland/Dropbox/Turing/projects/git_responsive/app/models/user.rb": [
        1,
        1,
        null,
        1,
        2,
        2,
        2,
        2,
        2,
        2,
        2,
        null,
        null,
        null
      ],
      "/Users/nweiland/Dropbox/Turing/projects/git_responsive/app/controllers/users_controller.rb": [
        1,
        1,
        2,
        2,
        null,
        null
      ],
      "/Users/nweiland/Dropbox/Turing/projects/git_responsive/app/services/github_service.rb": [
        1,
        1,
        1,
        1,
        33,
        33,
        33,
        null,
        null,
        1,
        15,
        null,
        null,
        1,
        18,
        18,
        null,
        null,
        1,
        1,
        33,
        null,
        null,
        1,
        66,
        null,
        null
      ],
      "/Users/nweiland/Dropbox/Turing/projects/git_responsive/app/services/github_repos.rb": [
        1,
        1,
        3,
        null,
        null,
        1,
        4,
        null,
        null
      ],
      "/Users/nweiland/Dropbox/Turing/projects/git_responsive/app/services/github_views.rb": [
        1,
        1,
        4,
        null,
        null,
        1,
        4,
        null,
        null,
        1,
        18,
        null,
        null,
        1,
        null,
        null,
        null,
        null,
        null,
        null,
        null,
        18,
        null,
        null
      ],
      "/Users/nweiland/Dropbox/Turing/projects/git_responsive/app/models/repo.rb": [
        1,
        1,
        1,
        1,
        1,
        null,
        1,
        null,
        1,
        1,
        null,
        null,
        1,
        0,
        0,
        0,
        0,
        0,
        0,
        0,
        null,
        null,
        0,
        0,
        0,
        null,
        null,
        0,
        null,
        null
      ],
      "/Users/nweiland/Dropbox/Turing/projects/git_responsive/app/models/api_view.rb": [
        1,
        1,
        1,
        26,
        26,
        26,
        null,
        null,
        1,
        8,
        null,
        null,
        1,
        18,
        null,
        null,
        1,
        4,
        22,
        0,
        null,
        18,
        null,
        4,
        8,
        null,
        null,
        null,
        null,
        null
      ],
      "/Users/nweiland/Dropbox/Turing/projects/git_responsive/app/models/view.rb": [
        1,
        1,
        null
      ]
    },
    "timestamp": 1460006702
  }
}
